#
# There is insufficient memory for the Java Runtime Environment to continue.
# Native memory allocation (malloc) failed to allocate 1048576 bytes for AllocateHeap
# Possible reasons:
#   The system is out of physical RAM or swap space
#   In 32 bit mode, the process size limit was hit
# Possible solutions:
#   Reduce memory load on the system
#   Increase physical memory or swap space
#   Check if swap backing store is full
#   Use 64 bit Java on a 64 bit OS
#   Decrease Java heap size (-Xmx/-Xms)
#   Decrease number of Java threads
#   Decrease Java thread stack sizes (-Xss)
#   Set larger code cache with -XX:ReservedCodeCacheSize=
# This output file may be truncated or incomplete.
#
#  Out of Memory Error (memory/allocation.inline.hpp:61), pid=34232, tid=0x0000000000007dbc
#
# JRE version:  (8.0) (build )
# Java VM: OpenJDK 64-Bit Server VM (25.71-b00 mixed mode windows-amd64 compressed oops)
# Failed to write core dump. Minidumps are not enabled by default on client versions of Windows
#

---------------  T H R E A D  ---------------

Current thread (0x0000000002c5e800):  JavaThread "Unknown thread" [_thread_in_vm, id=32188, stack(0x0000000002c60000,0x0000000002d60000)]

Stack: [0x0000000002c60000,0x0000000002d60000]
[error occurred during error reporting (printing stack bounds), id 0xc0000005]

Native frames: (J=compiled Java code, j=interpreted, Vv=VM code, C=native code)


---------------  P R O C E S S  ---------------

Java Threads: ( => current thread )

Other Threads:

=>0x0000000002c5e800 (exited) JavaThread "Unknown thread" [_thread_in_vm, id=32188, stack(0x0000000002c60000,0x0000000002d60000)]

VM state:not at safepoint (normal execution)

VM Mutex/Monitor currently owned by a thread: None

Heap:
 PSYoungGen      total 76288K, used 1310K [0x000000076ab00000, 0x0000000770000000, 0x00000007c0000000)
  eden space 65536K, 2% used [0x000000076ab00000,0x000000076ac47af0,0x000000076eb00000)
  from space 10752K, 0% used [0x000000076f580000,0x000000076f580000,0x0000000770000000)
  to   space 10752K, 0% used [0x000000076eb00000,0x000000076eb00000,0x000000076f580000)
 ParOldGen       total 175104K, used 0K [0x00000006c0000000, 0x00000006cab00000, 0x000000076ab00000)
  object space 175104K, 0% used [0x00000006c0000000,0x00000006c0000000,0x00000006cab00000)
 Metaspace       used 777K, capacity 4480K, committed 4480K, reserved 1056768K
  class space    used 74K, capacity 384K, committed 384K, reserved 1048576K

Card table byte_map: [0x0000000012220000,0x0000000012a30000] byte_map_base: 0x000000000ec20000

Marking Bits: (ParMarkBitMap*) 0x000000006561be50
 Begin Bits: [0x0000000013990000, 0x0000000017990000)
 End Bits:   [0x0000000017990000, 0x000000001b990000)

Polling page: 0x0000000000fe0000

CodeCache: size=245760Kb used=327Kb max_used=327Kb free=245432Kb
 bounds [0x0000000002e60000, 0x00000000030d0000, 0x0000000011e60000]
 total_blobs=56 nmethods=0 adapters=38
 compilation: enabled

Compilation events (0 events):
No events

GC Heap History (0 events):
No events

Deoptimization events (0 events):
No events

Classes redefined (0 events):
No events

Internal exceptions (0 events):
No events

Events (10 events):
Event: 0.017 loading class java/lang/Short
Event: 0.017 loading class java/lang/Short done
Event: 0.017 loading class java/lang/Integer
Event: 0.018 loading class java/lang/Integer done
Event: 0.018 loading class java/lang/Long
Event: 0.018 loading class java/lang/Long done
Event: 0.018 loading class java/lang/NullPointerException
Event: 0.018 loading class java/lang/NullPointerException done
Event: 0.018 loading class java/lang/ArithmeticException
Event: 0.018 loading class java/lang/ArithmeticException done


Dynamic libraries:
0x00007ff6f3030000 - 0x00007ff6f3065000 	E:\WorkSpace\unitys\2019.1.8f1\Editor\Data\PlaybackEngines\AndroidPlayer\Tools\OpenJDK\Windows\bin\java.exe
0x00007ffb41a90000 - 0x00007ffb41c85000 	C:\WINDOWS\SYSTEM32\ntdll.dll
0x00007ffb40da0000 - 0x00007ffb40e5e000 	C:\WINDOWS\System32\KERNEL32.DLL
0x00007ffb3f7e0000 - 0x00007ffb3faa8000 	C:\WINDOWS\System32\KERNELBASE.dll
0x00007ffb419a0000 - 0x00007ffb41a4c000 	C:\WINDOWS\System32\ADVAPI32.dll
0x00007ffb41730000 - 0x00007ffb417ce000 	C:\WINDOWS\System32\msvcrt.dll
0x00007ffb413b0000 - 0x00007ffb4144b000 	C:\WINDOWS\System32\sechost.dll
0x00007ffb40610000 - 0x00007ffb4073a000 	C:\WINDOWS\System32\RPCRT4.dll
0x00007ffb40460000 - 0x00007ffb40601000 	C:\WINDOWS\System32\USER32.dll
0x00007ffb3fab0000 - 0x00007ffb3fad2000 	C:\WINDOWS\System32\win32u.dll
0x00007ffb40740000 - 0x00007ffb4076b000 	C:\WINDOWS\System32\GDI32.dll
0x00007ffb3f540000 - 0x00007ffb3f64b000 	C:\WINDOWS\System32\gdi32full.dll
0x00007ffb3f440000 - 0x00007ffb3f4dd000 	C:\WINDOWS\System32\msvcp_win.dll
0x00007ffb3f1b0000 - 0x00007ffb3f2b0000 	C:\WINDOWS\System32\ucrtbase.dll
0x00007ffb2c1f0000 - 0x00007ffb2c48a000 	C:\WINDOWS\WinSxS\amd64_microsoft.windows.common-controls_6595b64144ccf1df_6.0.19041.1110_none_60b5254171f9507e\COMCTL32.dll
0x00007ffb40800000 - 0x00007ffb40830000 	C:\WINDOWS\System32\IMM32.DLL
0x00000000656a0000 - 0x0000000065772000 	E:\WorkSpace\unitys\2019.1.8f1\Editor\Data\PlaybackEngines\AndroidPlayer\Tools\OpenJDK\Windows\jre\bin\msvcr100.dll
0x0000000064e50000 - 0x0000000065699000 	E:\WorkSpace\unitys\2019.1.8f1\Editor\Data\PlaybackEngines\AndroidPlayer\Tools\OpenJDK\Windows\jre\bin\server\jvm.dll
0x00007ffb408f0000 - 0x00007ffb408f8000 	C:\WINDOWS\System32\PSAPI.DLL
0x00007ffb2fdd0000 - 0x00007ffb2fdf7000 	C:\WINDOWS\SYSTEM32\WINMM.dll
0x00007ffb3abc0000 - 0x00007ffb3abca000 	C:\WINDOWS\SYSTEM32\VERSION.dll
0x00007ffb2f9b0000 - 0x00007ffb2f9b9000 	C:\WINDOWS\SYSTEM32\WSOCK32.dll
0x00007ffb418b0000 - 0x00007ffb4191b000 	C:\WINDOWS\System32\WS2_32.dll
0x00007ffb280a0000 - 0x00007ffb280af000 	E:\WorkSpace\unitys\2019.1.8f1\Editor\Data\PlaybackEngines\AndroidPlayer\Tools\OpenJDK\Windows\jre\bin\verify.dll
0x00007ffb11cf0000 - 0x00007ffb11d19000 	E:\WorkSpace\unitys\2019.1.8f1\Editor\Data\PlaybackEngines\AndroidPlayer\Tools\OpenJDK\Windows\jre\bin\java.dll
0x00007ffb11cd0000 - 0x00007ffb11ce6000 	E:\WorkSpace\unitys\2019.1.8f1\Editor\Data\PlaybackEngines\AndroidPlayer\Tools\OpenJDK\Windows\jre\bin\zip.dll

VM Arguments:
jvm_args: -Xmx4096M -Dcom.android.sdkmanager.toolsdir=E:\WorkSpace\unitys\2019.1.8f1\Editor\Data\PlaybackEngines\AndroidPlayer\SDK\tools -Dfile.encoding=UTF8 
java_command: E:\WorkSpace\unitys\2019.1.8f1\Editor\Data\PlaybackEngines\AndroidPlayer/Tools\sdktools.jar -
java_class_path (initial): E:\WorkSpace\unitys\2019.1.8f1\Editor\Data\PlaybackEngines\AndroidPlayer/Tools\sdktools.jar
Launcher Type: SUN_STANDARD

Environment Variables:
JAVA_HOME=E:\WorkSpace\unitys\2019.1.8f1\Editor\Data\PlaybackEngines\AndroidPlayer/Tools\OpenJDK\Windows
PATH=C:\Program Files\Common Files\Oracle\Java\javapath;C:\Program Files (x86)\Common Files\Oracle\Java\javapath;C:\Windows\system32;C:\Windows;C:\Windows\System32\Wbem;C:\Windows\System32\WindowsPowerShell\v1.0\;C:\Windows\System32\OpenSSH\;D:\SVN\bin;C:\Program Files\NVIDIA Corporation\NVIDIA NvDLISR;C:\Program Files (x86)\NVIDIA Corporation\PhysX\Common;C:\Program Files\dotnet\;C:\Program Files\Microsoft SQL Server\130\Tools\Binn\;C:\Program Files\Microsoft SQL Server\Client SDK\ODBC\170\Tools\Binn\;C:\Program Files\Common Files\Autodesk Shared\;D:\WorkSpace\unitys\2019.1.8f1\Editor\Data\PlaybackEngines\AndroidPlayer\SDK\platform-tools;C:\Program Files (x86)\Windows Kits\10\Windows Performance Toolkit\;C:\Program Files (x86)\Windows Kits\10\Debuggers\x86;D:\Applications\UltraEdit;C:\Program Files\OpenSSL-Win64\bin;D:\Applications\Git\cmd;C:\WINDOWS\system32;C:\WINDOWS;C:\WINDOWS\System32\Wbem;C:\WINDOWS\System32\WindowsPowerShell\v1.0\;D:\Applications\010 Editor;C:\Program Files\TortoiseGit\bin;C:\Program Files\nodejs\;C:\Program Files\Java\jdk1.8.0_301\bin;C:\Users\Administrator\AppData\Local\Microsoft\WindowsApps;D:\Applications\Egret Wing 3\bin;C:\Users\Administrator\AppData\Local\GitHubDesktop\bin;C:\Users\Administrator\.dotnet\tools;C:\Users\Administrator\AppData\Local\Microsoft\WindowsApps;E:\WorkSpace\Tools\platform-tools;D:\Applications\CMake\bin;C:\Users\Administrator\AppData\Roaming\npm;
USERNAME=Administrator
OS=Windows_NT
PROCESSOR_IDENTIFIER=AMD64 Family 23 Model 8 Stepping 2, AuthenticAMD



---------------  S Y S T E M  ---------------

OS: Windows 10.0 , 64 bit Build 19041 (10.0.19041.1348)

CPU:total 12 (initial active 12) (12 cores per cpu, 1 threads per core) family 23 model 8 stepping 2, cmov, cx8, fxsr, mmx, sse, sse2, sse3, ssse3, sse4.1, sse4.2, popcnt, avx, avx2, aes, clmul, mmxext, 3dnowpref, lzcnt, sse4a, tsc, tscinvbit, tscinv, bmi1

Memory: 4k page, physical 16727188k(7337512k free), swap 25115796k(5720k free)

vm_info: OpenJDK 64-Bit Server VM (25.71-b00) for windows-amd64 JRE (1.8.0-adoptopenjdk-_2018_05_19_00_59-b00), built on May 19 2018 01:02:12 by "jenkins" with MS VC++ 10.0 (VS2010)

time: Mon Dec 06 15:28:30 2021
elapsed time: 0 seconds (0d 0h 0m 0s)

